/var/lib/slurm/slurmd/job584020/slurm_script: 11: source: not found
The new embeddings will be initialized from a multivariate normal distribution that has old embeddings' mean and covariance. As described in this article: https://nlp.stanford.edu/~johnhew/vocab-expansion.html. To disable this, use `mean_resizing=False`
model_name:  bert-base
model_path:  aloxatel/bert-base-mnli
new_token_id:  30522
Unsupervised evaluation
batch_idx:  0
batch_idx:  1
batch_idx:  2
batch_idx:  3
batch_idx:  4
batch_idx:  5
batch_idx:  6
batch_idx:  7
batch_idx:  8
batch_idx:  9
batch_idx:  10
batch_idx:  11
batch_idx:  12
batch_idx:  13
batch_idx:  14
batch_idx:  15
batch_idx:  16
batch_idx:  17
batch_idx:  18
batch_idx:  19
batch_idx:  20
batch_idx:  21
batch_idx:  22
batch_idx:  23
batch_idx:  24
batch_idx:  25
batch_idx:  26
batch_idx:  27
batch_idx:  28
batch_idx:  29
batch_idx:  30
batch_idx:  31
batch_idx:  32
              precision    recall  f1-score   support

           0     0.3906    0.3861    0.3883       259
           1     0.3931    0.3977    0.3954       259

    accuracy                         0.3919       518
   macro avg     0.3919    0.3919    0.3919       518
weighted avg     0.3919    0.3919    0.3919       518

write all_res_list into benchmark_data/results/TE-unsup/bert-base_test.csv
Strategy 0 accuracy: 40.7, 48 / 118
Strategy 1 accuracy: 37.6, 35 / 93
Strategy 2 accuracy: 33.3, 4 / 12
Strategy 3 accuracy: 40.0, 6 / 15
Strategy 4 accuracy: 47.6, 10 / 21
No instances of strategy 5 found
Strategy 6 accuracy: 38.6, 100 / 259
Overall accuracy: 39.2
write accuracy_dict into benchmark_data/results/TE-unsup/bert-base_test.txt
predicted labels saved into benchmark_data/results/TE-unsup/bert-base_test.csv
